0 info it worked if it ends with ok
1 verbose cli [ '/Users/chairco/.nvm/versions/node/v6.9.2/bin/node',
1 verbose cli   '/Users/chairco/.nvm/versions/node/v6.9.2/bin/npm',
1 verbose cli   'run',
1 verbose cli   'republish:lexicon' ]
2 info using npm@3.10.9
3 info using node@v6.9.2
4 verbose run-script [ 'prerepublish:lexicon',
4 verbose run-script   'republish:lexicon',
4 verbose run-script   'postrepublish:lexicon' ]
5 info lifecycle directors-election-gitbook@0.0.1~prerepublish:lexicon: directors-election-gitbook@0.0.1
6 silly lifecycle directors-election-gitbook@0.0.1~prerepublish:lexicon: no script for prerepublish:lexicon, continuing
7 info lifecycle directors-election-gitbook@0.0.1~republish:lexicon: directors-election-gitbook@0.0.1
8 verbose lifecycle directors-election-gitbook@0.0.1~republish:lexicon: unsafe-perm in lifecycle true
9 verbose lifecycle directors-election-gitbook@0.0.1~republish:lexicon: PATH: /Users/chairco/.nvm/versions/node/v6.9.2/lib/node_modules/npm/bin/node-gyp-bin:/Users/chairco/OneDrive/SourceCode/g0v/directors-election-gitbook/_book/node_modules/.bin:/Users/chairco/OneDrive/SourceCode/g0v/directors-election-gitbook/_book/node_modules/.bin:/Users/chairco/.config/yarn/link/node_modules/.bin:/Users/chairco/OneDrive/SourceCode/g0v/directors-election-gitbook/_book/node_modules/.bin:/Users/chairco/.config/yarn/link/node_modules/.bin:/usr/local/Cellar/yarn/0.17.10/libexec/lib/node_modules/yarn/bin/node-gyp-bin:/Users/chairco/.nvm/versions/node/v6.9.2/bin:/Users/chairco/.pythonz/bin:/usr/local/opt/pyenv/shims:/usr/local/heroku/bin:/usr/local/heroku/bin:/usr/local/bin:/usr/bin:/bin:/usr/sbin:/sbin:/usr/local/git/bin:/Users/chairco/Library/Android/sdk/tools:/Users/chairco/Library/Android/sdk/platform-tools:/Users/chairco/Library/Android/sdk/tools:/Users/chairco/Library/Android/sdk/platform-tools
10 verbose lifecycle directors-election-gitbook@0.0.1~republish:lexicon: CWD: /Users/chairco/OneDrive/SourceCode/g0v/directors-election-gitbook/_book
11 silly lifecycle directors-election-gitbook@0.0.1~republish:lexicon: Args: [ '-c',
11 silly lifecycle   'google-spreadsheet-download 1CGni6oPLXliLGWleBSCHYd3zQfsiIc5-SSOfS3F9TTg 15 > lexicon.json' ]
12 info lifecycle directors-election-gitbook@0.0.1~republish:lexicon: Failed to exec republish:lexicon script
13 verbose stack Error: directors-election-gitbook@0.0.1 republish:lexicon: `google-spreadsheet-download 1CGni6oPLXliLGWleBSCHYd3zQfsiIc5-SSOfS3F9TTg 15 > lexicon.json`
13 verbose stack spawn ENOENT
13 verbose stack     at ChildProcess.<anonymous> (/Users/chairco/.nvm/versions/node/v6.9.2/lib/node_modules/npm/lib/utils/spawn.js:33:16)
13 verbose stack     at emitTwo (events.js:106:13)
13 verbose stack     at ChildProcess.emit (events.js:191:7)
13 verbose stack     at maybeClose (internal/child_process.js:877:16)
13 verbose stack     at Process.ChildProcess._handle.onexit (internal/child_process.js:226:5)
14 verbose pkgid directors-election-gitbook@0.0.1
15 verbose cwd /Users/chairco/OneDrive/SourceCode/g0v/directors-election-gitbook/_book
16 error Darwin 15.6.0
17 error argv "/Users/chairco/.nvm/versions/node/v6.9.2/bin/node" "/Users/chairco/.nvm/versions/node/v6.9.2/bin/npm" "run" "republish:lexicon"
18 error node v6.9.2
19 error npm  v3.10.9
20 error file sh
21 error code ELIFECYCLE
22 error errno ENOENT
23 error syscall spawn
24 error directors-election-gitbook@0.0.1 republish:lexicon: `google-spreadsheet-download 1CGni6oPLXliLGWleBSCHYd3zQfsiIc5-SSOfS3F9TTg 15 > lexicon.json`
24 error spawn ENOENT
25 error Failed at the directors-election-gitbook@0.0.1 republish:lexicon script 'google-spreadsheet-download 1CGni6oPLXliLGWleBSCHYd3zQfsiIc5-SSOfS3F9TTg 15 > lexicon.json'.
25 error Make sure you have the latest version of node.js and npm installed.
25 error If you do, this is most likely a problem with the directors-election-gitbook package,
25 error not with npm itself.
25 error Tell the author that this fails on your system:
25 error     google-spreadsheet-download 1CGni6oPLXliLGWleBSCHYd3zQfsiIc5-SSOfS3F9TTg 15 > lexicon.json
25 error You can get information on how to open an issue for this project with:
25 error     npm bugs directors-election-gitbook
25 error Or if that isn't available, you can get their info via:
25 error     npm owner ls directors-election-gitbook
25 error There is likely additional logging output above.
26 verbose exit [ 1, true ]
